0 info it worked if it ends with ok
1 verbose cli [ '/Users/umahaea/.nvm/versions/node/v6.9.1/bin/node',
1 verbose cli   '/Users/umahaea/.nvm/versions/node/v6.9.1/bin/npm',
1 verbose cli   'run',
1 verbose cli   'release' ]
2 info using npm@3.10.8
3 info using node@v6.9.1
4 verbose run-script [ 'prerelease', 'release', 'postrelease' ]
5 info lifecycle @pearson-components/app-header@1.1.2~prerelease: @pearson-components/app-header@1.1.2
6 silly lifecycle @pearson-components/app-header@1.1.2~prerelease: no script for prerelease, continuing
7 info lifecycle @pearson-components/app-header@1.1.2~release: @pearson-components/app-header@1.1.2
8 verbose lifecycle @pearson-components/app-header@1.1.2~release: unsafe-perm in lifecycle true
9 verbose lifecycle @pearson-components/app-header@1.1.2~release: PATH: /Users/umahaea/.nvm/versions/node/v6.9.1/lib/node_modules/npm/bin/node-gyp-bin:/Users/umahaea/Documents/workspace/app-header/node_modules/.bin:/Users/umahaea/.nvm/versions/node/v6.9.1/bin:/Users/umahaea/.rvm/gems/ruby-2.3.0/bin:/Users/umahaea/.rvm/gems/ruby-2.3.0@global/bin:/Users/umahaea/.rvm/rubies/ruby-2.3.0/bin:/usr/local/bin:/usr/bin:/bin:/usr/sbin:/sbin:/usr/local/munki:/Users/umahaea/.rvm/bin
10 verbose lifecycle @pearson-components/app-header@1.1.2~release: CWD: /Users/umahaea/Documents/workspace/app-header
11 silly lifecycle @pearson-components/app-header@1.1.2~release: Args: [ '-c', 'node ./npm_scripts/release.js' ]
12 silly lifecycle @pearson-components/app-header@1.1.2~release: Returned: code: 1  signal: null
13 info lifecycle @pearson-components/app-header@1.1.2~release: Failed to exec release script
14 verbose stack Error: @pearson-components/app-header@1.1.2 release: `node ./npm_scripts/release.js`
14 verbose stack Exit status 1
14 verbose stack     at EventEmitter.<anonymous> (/Users/umahaea/.nvm/versions/node/v6.9.1/lib/node_modules/npm/lib/utils/lifecycle.js:255:16)
14 verbose stack     at emitTwo (events.js:106:13)
14 verbose stack     at EventEmitter.emit (events.js:191:7)
14 verbose stack     at ChildProcess.<anonymous> (/Users/umahaea/.nvm/versions/node/v6.9.1/lib/node_modules/npm/lib/utils/spawn.js:40:14)
14 verbose stack     at emitTwo (events.js:106:13)
14 verbose stack     at ChildProcess.emit (events.js:191:7)
14 verbose stack     at maybeClose (internal/child_process.js:877:16)
14 verbose stack     at Process.ChildProcess._handle.onexit (internal/child_process.js:226:5)
15 verbose pkgid @pearson-components/app-header@1.1.2
16 verbose cwd /Users/umahaea/Documents/workspace/app-header
17 error Darwin 14.3.0
18 error argv "/Users/umahaea/.nvm/versions/node/v6.9.1/bin/node" "/Users/umahaea/.nvm/versions/node/v6.9.1/bin/npm" "run" "release"
19 error node v6.9.1
20 error npm  v3.10.8
21 error code ELIFECYCLE
22 error @pearson-components/app-header@1.1.2 release: `node ./npm_scripts/release.js`
22 error Exit status 1
23 error Failed at the @pearson-components/app-header@1.1.2 release script 'node ./npm_scripts/release.js'.
23 error Make sure you have the latest version of node.js and npm installed.
23 error If you do, this is most likely a problem with the @pearson-components/app-header package,
23 error not with npm itself.
23 error Tell the author that this fails on your system:
23 error     node ./npm_scripts/release.js
23 error You can get information on how to open an issue for this project with:
23 error     npm bugs @pearson-components/app-header
23 error Or if that isn't available, you can get their info via:
23 error     npm owner ls @pearson-components/app-header
23 error There is likely additional logging output above.
24 verbose exit [ 1, true ]
